[debug] [2023-06-07T21:57:32.900Z] ----------------------------------------------------------------------
[debug] [2023-06-07T21:57:32.904Z] Command:       C:\Program Files\nodejs\node.exe C:\Users\Mayank Rathore\AppData\Roaming\npm\node_modules\firebase-tools\lib\bin\firebase.js emulators:start
[debug] [2023-06-07T21:57:32.905Z] CLI Version:   12.3.1
[debug] [2023-06-07T21:57:32.905Z] Platform:      win32
[debug] [2023-06-07T21:57:32.906Z] Node Version:  v18.12.1
[debug] [2023-06-07T21:57:32.908Z] Time:          Thu Jun 08 2023 03:27:32 GMT+0530 (India Standard Time)
[debug] [2023-06-07T21:57:32.908Z] ----------------------------------------------------------------------
[debug] 
[debug] [2023-06-07T21:57:33.152Z] > command requires scopes: ["email","openid","https://www.googleapis.com/auth/cloudplatformprojects.readonly","https://www.googleapis.com/auth/firebase","https://www.googleapis.com/auth/cloud-platform"]
[debug] [2023-06-07T21:57:33.153Z] > authorizing via signed-in user (mayankrathore9897@gmail.com)
[info] i  emulators: Starting emulators: functions, hosting {"metadata":{"emulator":{"name":"hub"},"message":"Starting emulators: functions, hosting"}}
[debug] [2023-06-07T21:57:33.202Z] [logging] Logging Emulator only supports listening on one address (127.0.0.1). Not listening on ::1
[debug] [2023-06-07T21:57:33.203Z] [hosting] Hosting Emulator only supports listening on one address (127.0.0.1). Not listening on ::1
[debug] [2023-06-07T21:57:33.204Z] assigned listening specs for emulators {"user":{"hub":[{"address":"127.0.0.1","family":"IPv4","port":4400},{"address":"::1","family":"IPv6","port":4400}],"ui":[{"address":"127.0.0.1","family":"IPv4","port":4000},{"address":"::1","family":"IPv6","port":4000}],"logging":[{"address":"127.0.0.1","family":"IPv4","port":4500}],"hosting":[{"address":"127.0.0.1","family":"IPv4","port":5000}]},"metadata":{"message":"assigned listening specs for emulators"}}
[debug] [2023-06-07T21:57:33.251Z] [hub] writing locator at C:\Users\MAYANK~1\AppData\Local\Temp\hub-clone-8c606.json
[debug] [2023-06-07T21:57:33.358Z] [functions] Functions Emulator only supports listening on one address (127.0.0.1). Not listening on ::1
[debug] [2023-06-07T21:57:33.359Z] [eventarc] Eventarc Emulator only supports listening on one address (127.0.0.1). Not listening on ::1
[debug] [2023-06-07T21:57:33.372Z] late-assigned ports for functions and eventarc emulators {"user":{"hub":[{"address":"127.0.0.1","family":"IPv4","port":4400},{"address":"::1","family":"IPv6","port":4400}],"ui":[{"address":"127.0.0.1","family":"IPv4","port":4000},{"address":"::1","family":"IPv6","port":4000}],"logging":[{"address":"127.0.0.1","family":"IPv4","port":4500}],"hosting":[{"address":"127.0.0.1","family":"IPv4","port":5000}],"functions":[{"address":"127.0.0.1","family":"IPv4","port":5001}],"eventarc":[{"address":"127.0.0.1","family":"IPv4","port":9299}]},"metadata":{"message":"late-assigned ports for functions and eventarc emulators"}}
[warn] !  functions: The following emulators are not running, calls to these services from the Functions emulator will affect production: auth, firestore, database, pubsub, storage {"metadata":{"emulator":{"name":"functions"},"message":"The following emulators are not running, calls to these services from the Functions emulator will affect production: \u001b[1mauth, firestore, database, pubsub, storage\u001b[22m"}}
[debug] [2023-06-07T21:57:33.403Z] defaultcredentials: writing to file C:\Users\Mayank Rathore\AppData\Roaming\firebase\mayankrathore9897_gmail_com_application_default_credentials.json
[debug] [2023-06-07T21:57:33.412Z] Setting GAC to C:\Users\Mayank Rathore\AppData\Roaming\firebase\mayankrathore9897_gmail_com_application_default_credentials.json {"metadata":{"emulator":{"name":"functions"},"message":"Setting GAC to C:\\Users\\Mayank Rathore\\AppData\\Roaming\\firebase\\mayankrathore9897_gmail_com_application_default_credentials.json"}}
[debug] [2023-06-07T21:57:33.419Z] >>> [apiv2][query] GET https://firebase.googleapis.com/v1beta1/projects/clone-8c606/adminSdkConfig [none]
[debug] [2023-06-07T21:57:34.408Z] <<< [apiv2][status] GET https://firebase.googleapis.com/v1beta1/projects/clone-8c606/adminSdkConfig 200
[debug] [2023-06-07T21:57:34.408Z] <<< [apiv2][body] GET https://firebase.googleapis.com/v1beta1/projects/clone-8c606/adminSdkConfig {"projectId":"clone-8c606","databaseURL":"https://clone-8c606-default-rtdb.firebaseio.com","storageBucket":"clone-8c606.appspot.com"}
[debug] [2023-06-07T21:57:34.473Z] >>> [apiv2][query] GET https://firebasehosting.googleapis.com/v1beta1/projects/clone-8c606/sites 
[debug] [2023-06-07T21:57:35.742Z] <<< [apiv2][status] GET https://firebasehosting.googleapis.com/v1beta1/projects/clone-8c606/sites 200
[debug] [2023-06-07T21:57:35.743Z] <<< [apiv2][body] GET https://firebasehosting.googleapis.com/v1beta1/projects/clone-8c606/sites {"sites":[{"name":"projects/clone-8c606/sites/clone-8c606","defaultUrl":"https://clone-8c606.web.app","appId":"1:725860854514:web:df8853ff78b7af91f03e6b","type":"DEFAULT_SITE"}]}
[debug] [2023-06-07T21:57:35.743Z] >>> [apiv2][query] GET https://firebase.googleapis.com/v1beta1/projects/clone-8c606/webApps/1:725860854514:web:df8853ff78b7af91f03e6b/config [none]
[debug] [2023-06-07T21:57:37.311Z] <<< [apiv2][status] GET https://firebase.googleapis.com/v1beta1/projects/clone-8c606/webApps/1:725860854514:web:df8853ff78b7af91f03e6b/config 200
[debug] [2023-06-07T21:57:37.311Z] <<< [apiv2][body] GET https://firebase.googleapis.com/v1beta1/projects/clone-8c606/webApps/1:725860854514:web:df8853ff78b7af91f03e6b/config {"projectId":"clone-8c606","appId":"1:725860854514:web:df8853ff78b7af91f03e6b","databaseURL":"https://clone-8c606-default-rtdb.firebaseio.com","storageBucket":"clone-8c606.appspot.com","apiKey":"AIzaSyDlJWG4_JJleBWhqRXRmt6KH5GgELXCG3c","authDomain":"clone-8c606.firebaseapp.com","messagingSenderId":"725860854514","measurementId":"G-7WJRMR40SN"}
[debug] [2023-06-07T21:57:37.326Z] >>> [apiv2][query] GET https://firebase.googleapis.com/v1beta1/projects/clone-8c606 [none]
[debug] [2023-06-07T21:57:38.004Z] <<< [apiv2][status] GET https://firebase.googleapis.com/v1beta1/projects/clone-8c606 200
[debug] [2023-06-07T21:57:38.004Z] <<< [apiv2][body] GET https://firebase.googleapis.com/v1beta1/projects/clone-8c606 {"projectId":"clone-8c606","projectNumber":"725860854514","displayName":"Amazon-clone","name":"projects/clone-8c606","resources":{"hostingSite":"clone-8c606","realtimeDatabaseInstance":"clone-8c606-default-rtdb"},"state":"ACTIVE","etag":"1_dad98131-3145-49f3-b2d9-6a6818ea29ca"}
[info] i  hosting[clone-8c606]: Serving hosting files from: build {"metadata":{"emulator":{"name":"hosting"},"message":"Serving hosting files from: \u001b[1mbuild\u001b[22m"}}
[info] +  hosting[clone-8c606]: Local server: http://127.0.0.1:5000 {"metadata":{"emulator":{"name":"hosting"},"message":"Local server: \u001b[4m\u001b[1mhttp://127.0.0.1:5000\u001b[22m\u001b[24m"}}
[debug] [2023-06-07T21:57:38.142Z] Ignoring unsupported arg: auto_download {"metadata":{"emulator":{"name":"ui"},"message":"Ignoring unsupported arg: auto_download"}}
[debug] [2023-06-07T21:57:38.143Z] Ignoring unsupported arg: port {"metadata":{"emulator":{"name":"ui"},"message":"Ignoring unsupported arg: port"}}
[debug] [2023-06-07T21:57:38.143Z] Starting Emulator UI with command {"binary":"node","args":["C:\\Users\\Mayank Rathore\\.cache\\firebase\\emulators\\ui-v1.11.6\\server\\server.js"],"optionalArgs":[],"joinArgs":false} {"metadata":{"emulator":{"name":"ui"},"message":"Starting Emulator UI with command {\"binary\":\"node\",\"args\":[\"C:\\\\Users\\\\Mayank Rathore\\\\.cache\\\\firebase\\\\emulators\\\\ui-v1.11.6\\\\server\\\\server.js\"],\"optionalArgs\":[],\"joinArgs\":false}"}}
[info] i  ui: Emulator UI logging to ui-debug.log {"metadata":{"emulator":{"name":"ui"},"message":"Emulator UI logging to \u001b[1mui-debug.log\u001b[22m"}}
[debug] [2023-06-07T21:57:38.524Z] Web / API server started at 127.0.0.1:4000
 {"metadata":{"emulator":{"name":"ui"},"message":"Web / API server started at 127.0.0.1:4000\n"}}
[debug] [2023-06-07T21:57:38.524Z] Web / API server started at ::1:4000
 {"metadata":{"emulator":{"name":"ui"},"message":"Web / API server started at ::1:4000\n"}}
[info] i  functions: Watching "C:\Users\Mayank Rathore\Desktop\ama\amazon-clone\functions" for Cloud Functions... {"metadata":{"emulator":{"name":"functions"},"message":"Watching \"C:\\Users\\Mayank Rathore\\Desktop\\ama\\amazon-clone\\functions\" for Cloud Functions..."}}
[debug] [2023-06-07T21:57:38.713Z] Validating nodejs source
[debug] [2023-06-07T21:57:43.095Z] > [functions] package.json contents: {
  "name": "functions",
  "description": "Cloud Functions for Firebase",
  "scripts": {
    "lint": "eslint .",
    "serve": "firebase emulators:start --only functions",
    "shell": "firebase functions:shell",
    "start": "npm run shell",
    "deploy": "firebase deploy --only functions",
    "logs": "firebase functions:log"
  },
  "engines": {
    "node": "18"
  },
  "main": "index.js",
  "dependencies": {
    "cors": "^2.8.5",
    "express": "^4.18.2",
    "firebase-admin": "^11.8.0",
    "firebase-functions": "^4.3.1",
    "stripe": "^12.8.0"
  },
  "devDependencies": {
    "eslint": "^8.15.0",
    "eslint-config-google": "^0.14.0",
    "firebase-functions-test": "^3.1.0"
  },
  "private": true
}
[debug] [2023-06-07T21:57:43.096Z] Building nodejs source
[debug] [2023-06-07T21:57:43.097Z] Failed to find version of module node: reached end of search path C:\Users\Mayank Rathore\Desktop\ama\amazon-clone\functions\node_modules
[info] +  functions: Using node@18 from host. 
[debug] [2023-06-07T21:57:43.109Z] Could not find functions.yaml. Must use http discovery
[debug] [2023-06-07T21:57:43.144Z] Found firebase-functions binary at 'C:\Users\Mayank Rathore\Desktop\ama\amazon-clone\functions\node_modules\.bin\firebase-functions'
[debug] [2023-06-07T21:57:44.382Z] Serving at port 8678

[debug] [2023-06-07T21:57:46.079Z] Got response from /__/functions.yaml {"endpoints":{"api":{"platform":"gcfv1","availableMemoryMb":null,"timeoutSeconds":null,"minInstances":null,"maxInstances":null,"ingressSettings":null,"serviceAccountEmail":null,"vpc":null,"httpsTrigger":{},"entryPoint":"api"}},"specVersion":"v1alpha1","requiredAPIs":[]}
[debug] [2023-06-07T21:57:46.095Z] shutdown requested via /__/quitquitquit

[info] +  functions: Loaded functions definitions from source: api. {"metadata":{"emulator":{"name":"functions"},"message":"Loaded functions definitions from source: api."}}
[info] +  functions[us-central1-api]: http function initialized (http://127.0.0.1:5001/clone-8c606/us-central1/api). {"metadata":{"emulator":{"name":"functions"},"message":"\u001b[1mhttp\u001b[22m function initialized (http://127.0.0.1:5001/clone-8c606/us-central1/api)."}}
[info] 
┌─────────────────────────────────────────────────────────────┐
│ ✔  All emulators ready! It is now safe to connect your app. │
│ i  View Emulator UI at http://127.0.0.1:4000/               │
└─────────────────────────────────────────────────────────────┘

┌───────────┬────────────────┬─────────────────────────────────┐
│ Emulator  │ Host:Port      │ View in Emulator UI             │
├───────────┼────────────────┼─────────────────────────────────┤
│ Functions │ 127.0.0.1:5001 │ http://127.0.0.1:4000/functions │
├───────────┼────────────────┼─────────────────────────────────┤
│ Hosting   │ 127.0.0.1:5000 │ n/a                             │
└───────────┴────────────────┴─────────────────────────────────┘
  Emulator Hub running at 127.0.0.1:4400
  Other reserved ports: 4500

Issues? Report them at https://github.com/firebase/firebase-tools/issues and attach the *-debug.log files.
 
[debug] [2023-06-07T21:59:32.541Z] [work-queue] {"queuedWork":["/clone-8c606/us-central1/api/payments/create-2023-06-07T21:59:32.540Z"],"queueLength":1,"runningWork":[],"workRunningCount":0}
[debug] [2023-06-07T21:59:32.542Z] [work-queue] {"queuedWork":[],"queueLength":0,"runningWork":["/clone-8c606/us-central1/api/payments/create-2023-06-07T21:59:32.540Z"],"workRunningCount":1}
[debug] [2023-06-07T21:59:32.544Z] Accepted request POST /clone-8c606/us-central1/api/payments/create?total=25096 --> us-central1-api
[debug] [2023-06-07T21:59:32.568Z] [functions] Runtime ready! Sending request! {"metadata":{"emulator":{"name":"functions"},"message":"[functions] Runtime ready! Sending request!"}}
[debug] [2023-06-07T21:59:32.571Z] [functions] Got req.url=/clone-8c606/us-central1/api/payments/create?total=25096, mapping to path=/payments/create?total=25096 {"metadata":{"emulator":{"name":"functions"},"message":"[functions] Got req.url=/clone-8c606/us-central1/api/payments/create?total=25096, mapping to path=/payments/create?total=25096"}}
[debug] [2023-06-07T21:59:32.641Z] [worker-pool] addWorker(us-central1-api) {"metadata":{"emulator":{"name":"functions"},"message":"[worker-pool] addWorker(us-central1-api)"}}
[debug] [2023-06-07T21:59:32.650Z] [worker-pool] Adding worker with key us-central1-api, total=1 {"metadata":{"emulator":{"name":"functions"},"message":"[worker-pool] Adding worker with key us-central1-api, total=1"}}
[debug] [2023-06-07T21:59:32.660Z] [work-queue] {"queuedWork":["/clone-8c606/us-central1/api/payments/create-2023-06-07T21:59:32.660Z"],"queueLength":1,"runningWork":["/clone-8c606/us-central1/api/payments/create-2023-06-07T21:59:32.540Z"],"workRunningCount":1}
[debug] [2023-06-07T21:59:32.661Z] [work-queue] {"queuedWork":[],"queueLength":0,"runningWork":["/clone-8c606/us-central1/api/payments/create-2023-06-07T21:59:32.540Z","/clone-8c606/us-central1/api/payments/create-2023-06-07T21:59:32.660Z"],"workRunningCount":2}
[debug] [2023-06-07T21:59:32.661Z] Accepted request POST /clone-8c606/us-central1/api/payments/create?total=25096 --> us-central1-api
[debug] [2023-06-07T21:59:32.704Z] [functions] Runtime ready! Sending request! {"metadata":{"emulator":{"name":"functions"},"message":"[functions] Runtime ready! Sending request!"}}
[debug] [2023-06-07T21:59:32.706Z] [functions] Got req.url=/clone-8c606/us-central1/api/payments/create?total=25096, mapping to path=/payments/create?total=25096 {"metadata":{"emulator":{"name":"functions"},"message":"[functions] Got req.url=/clone-8c606/us-central1/api/payments/create?total=25096, mapping to path=/payments/create?total=25096"}}
[debug] [2023-06-07T21:59:32.748Z] [worker-pool] addWorker(us-central1-api) {"metadata":{"emulator":{"name":"functions"},"message":"[worker-pool] addWorker(us-central1-api)"}}
[debug] [2023-06-07T21:59:32.750Z] [worker-pool] Adding worker with key us-central1-api, total=2 {"metadata":{"emulator":{"name":"functions"},"message":"[worker-pool] Adding worker with key us-central1-api, total=2"}}
[debug] [2023-06-07T21:59:40.601Z] [runtime-status] [23188] Resolved module firebase-admin {"declared":true,"installed":true,"version":"11.9.0","resolution":"C:\\Users\\Mayank Rathore\\Desktop\\ama\\amazon-clone\\functions\\node_modules\\firebase-admin\\lib\\index.js"} {"metadata":{"emulator":{"name":"functions"},"function":{"name":"us-central1-api"},"extension":{},"message":"[runtime-status] [23188] Resolved module firebase-admin {\"declared\":true,\"installed\":true,\"version\":\"11.9.0\",\"resolution\":\"C:\\\\Users\\\\Mayank Rathore\\\\Desktop\\\\ama\\\\amazon-clone\\\\functions\\\\node_modules\\\\firebase-admin\\\\lib\\\\index.js\"}"}}
[debug] [2023-06-07T21:59:40.608Z] [runtime-status] [23188] Resolved module firebase-functions {"declared":true,"installed":true,"version":"4.4.0","resolution":"C:\\Users\\Mayank Rathore\\Desktop\\ama\\amazon-clone\\functions\\node_modules\\firebase-functions\\lib\\v1\\index.js"} {"metadata":{"emulator":{"name":"functions"},"function":{"name":"us-central1-api"},"extension":{},"message":"[runtime-status] [23188] Resolved module firebase-functions {\"declared\":true,\"installed\":true,\"version\":\"4.4.0\",\"resolution\":\"C:\\\\Users\\\\Mayank Rathore\\\\Desktop\\\\ama\\\\amazon-clone\\\\functions\\\\node_modules\\\\firebase-functions\\\\lib\\\\v1\\\\index.js\"}"}}
[debug] [2023-06-07T21:59:40.610Z] [runtime-status] [23188] Outgoing network have been stubbed. [{"name":"http","status":"mocked"},{"name":"http","status":"mocked"},{"name":"https","status":"mocked"},{"name":"https","status":"mocked"},{"name":"net","status":"mocked"}] {"metadata":{"emulator":{"name":"functions"},"function":{"name":"us-central1-api"},"extension":{},"message":"[runtime-status] [23188] Outgoing network have been stubbed. [{\"name\":\"http\",\"status\":\"mocked\"},{\"name\":\"http\",\"status\":\"mocked\"},{\"name\":\"https\",\"status\":\"mocked\"},{\"name\":\"https\",\"status\":\"mocked\"},{\"name\":\"net\",\"status\":\"mocked\"}]"}}
[debug] [2023-06-07T21:59:40.615Z] [runtime-status] [23188] Resolved module firebase-functions {"declared":true,"installed":true,"version":"4.4.0","resolution":"C:\\Users\\Mayank Rathore\\Desktop\\ama\\amazon-clone\\functions\\node_modules\\firebase-functions\\lib\\v1\\index.js"} {"metadata":{"emulator":{"name":"functions"},"function":{"name":"us-central1-api"},"extension":{},"message":"[runtime-status] [23188] Resolved module firebase-functions {\"declared\":true,\"installed\":true,\"version\":\"4.4.0\",\"resolution\":\"C:\\\\Users\\\\Mayank Rathore\\\\Desktop\\\\ama\\\\amazon-clone\\\\functions\\\\node_modules\\\\firebase-functions\\\\lib\\\\v1\\\\index.js\"}"}}
[debug] [2023-06-07T21:59:40.647Z] [runtime-status] [30784] Resolved module firebase-admin {"declared":true,"installed":true,"version":"11.9.0","resolution":"C:\\Users\\Mayank Rathore\\Desktop\\ama\\amazon-clone\\functions\\node_modules\\firebase-admin\\lib\\index.js"} {"metadata":{"emulator":{"name":"functions"},"function":{"name":"us-central1-api"},"extension":{},"message":"[runtime-status] [30784] Resolved module firebase-admin {\"declared\":true,\"installed\":true,\"version\":\"11.9.0\",\"resolution\":\"C:\\\\Users\\\\Mayank Rathore\\\\Desktop\\\\ama\\\\amazon-clone\\\\functions\\\\node_modules\\\\firebase-admin\\\\lib\\\\index.js\"}"}}
[debug] [2023-06-07T21:59:40.654Z] [runtime-status] [30784] Resolved module firebase-functions {"declared":true,"installed":true,"version":"4.4.0","resolution":"C:\\Users\\Mayank Rathore\\Desktop\\ama\\amazon-clone\\functions\\node_modules\\firebase-functions\\lib\\v1\\index.js"} {"metadata":{"emulator":{"name":"functions"},"function":{"name":"us-central1-api"},"extension":{},"message":"[runtime-status] [30784] Resolved module firebase-functions {\"declared\":true,\"installed\":true,\"version\":\"4.4.0\",\"resolution\":\"C:\\\\Users\\\\Mayank Rathore\\\\Desktop\\\\ama\\\\amazon-clone\\\\functions\\\\node_modules\\\\firebase-functions\\\\lib\\\\v1\\\\index.js\"}"}}
[debug] [2023-06-07T21:59:40.656Z] [runtime-status] [30784] Outgoing network have been stubbed. [{"name":"http","status":"mocked"},{"name":"http","status":"mocked"},{"name":"https","status":"mocked"},{"name":"https","status":"mocked"},{"name":"net","status":"mocked"}] {"metadata":{"emulator":{"name":"functions"},"function":{"name":"us-central1-api"},"extension":{},"message":"[runtime-status] [30784] Outgoing network have been stubbed. [{\"name\":\"http\",\"status\":\"mocked\"},{\"name\":\"http\",\"status\":\"mocked\"},{\"name\":\"https\",\"status\":\"mocked\"},{\"name\":\"https\",\"status\":\"mocked\"},{\"name\":\"net\",\"status\":\"mocked\"}]"}}
[debug] [2023-06-07T21:59:40.666Z] [runtime-status] [30784] Resolved module firebase-functions {"declared":true,"installed":true,"version":"4.4.0","resolution":"C:\\Users\\Mayank Rathore\\Desktop\\ama\\amazon-clone\\functions\\node_modules\\firebase-functions\\lib\\v1\\index.js"} {"metadata":{"emulator":{"name":"functions"},"function":{"name":"us-central1-api"},"extension":{},"message":"[runtime-status] [30784] Resolved module firebase-functions {\"declared\":true,\"installed\":true,\"version\":\"4.4.0\",\"resolution\":\"C:\\\\Users\\\\Mayank Rathore\\\\Desktop\\\\ama\\\\amazon-clone\\\\functions\\\\node_modules\\\\firebase-functions\\\\lib\\\\v1\\\\index.js\"}"}}
[debug] [2023-06-07T21:59:42.121Z] [runtime-status] [23188] Checked functions.config() {"config":{}} {"metadata":{"emulator":{"name":"functions"},"function":{"name":"us-central1-api"},"extension":{},"message":"[runtime-status] [23188] Checked functions.config() {\"config\":{}}"}}
[debug] [2023-06-07T21:59:42.122Z] [runtime-status] [30784] Checked functions.config() {"config":{}} {"metadata":{"emulator":{"name":"functions"},"function":{"name":"us-central1-api"},"extension":{},"message":"[runtime-status] [30784] Checked functions.config() {\"config\":{}}"}}
[debug] [2023-06-07T21:59:42.123Z] [runtime-status] [30784] firebase-functions has been stubbed. {"functionsResolution":{"declared":true,"installed":true,"version":"4.4.0","resolution":"C:\\Users\\Mayank Rathore\\Desktop\\ama\\amazon-clone\\functions\\node_modules\\firebase-functions\\lib\\v1\\index.js"}} {"metadata":{"emulator":{"name":"functions"},"function":{"name":"us-central1-api"},"extension":{},"message":"[runtime-status] [30784] firebase-functions has been stubbed. {\"functionsResolution\":{\"declared\":true,\"installed\":true,\"version\":\"4.4.0\",\"resolution\":\"C:\\\\Users\\\\Mayank Rathore\\\\Desktop\\\\ama\\\\amazon-clone\\\\functions\\\\node_modules\\\\firebase-functions\\\\lib\\\\v1\\\\index.js\"}}"}}
[debug] [2023-06-07T21:59:42.124Z] [runtime-status] [23188] firebase-functions has been stubbed. {"functionsResolution":{"declared":true,"installed":true,"version":"4.4.0","resolution":"C:\\Users\\Mayank Rathore\\Desktop\\ama\\amazon-clone\\functions\\node_modules\\firebase-functions\\lib\\v1\\index.js"}} {"metadata":{"emulator":{"name":"functions"},"function":{"name":"us-central1-api"},"extension":{},"message":"[runtime-status] [23188] firebase-functions has been stubbed. {\"functionsResolution\":{\"declared\":true,\"installed\":true,\"version\":\"4.4.0\",\"resolution\":\"C:\\\\Users\\\\Mayank Rathore\\\\Desktop\\\\ama\\\\amazon-clone\\\\functions\\\\node_modules\\\\firebase-functions\\\\lib\\\\v1\\\\index.js\"}}"}}
[debug] [2023-06-07T21:59:42.124Z] [runtime-status] [23188] Resolved module firebase-functions {"declared":true,"installed":true,"version":"4.4.0","resolution":"C:\\Users\\Mayank Rathore\\Desktop\\ama\\amazon-clone\\functions\\node_modules\\firebase-functions\\lib\\v1\\index.js"} {"metadata":{"emulator":{"name":"functions"},"function":{"name":"us-central1-api"},"extension":{},"message":"[runtime-status] [23188] Resolved module firebase-functions {\"declared\":true,\"installed\":true,\"version\":\"4.4.0\",\"resolution\":\"C:\\\\Users\\\\Mayank Rathore\\\\Desktop\\\\ama\\\\amazon-clone\\\\functions\\\\node_modules\\\\firebase-functions\\\\lib\\\\v1\\\\index.js\"}"}}
[debug] [2023-06-07T21:59:42.125Z] [runtime-status] [30784] Resolved module firebase-functions {"declared":true,"installed":true,"version":"4.4.0","resolution":"C:\\Users\\Mayank Rathore\\Desktop\\ama\\amazon-clone\\functions\\node_modules\\firebase-functions\\lib\\v1\\index.js"} {"metadata":{"emulator":{"name":"functions"},"function":{"name":"us-central1-api"},"extension":{},"message":"[runtime-status] [30784] Resolved module firebase-functions {\"declared\":true,\"installed\":true,\"version\":\"4.4.0\",\"resolution\":\"C:\\\\Users\\\\Mayank Rathore\\\\Desktop\\\\ama\\\\amazon-clone\\\\functions\\\\node_modules\\\\firebase-functions\\\\lib\\\\v1\\\\index.js\"}"}}
[debug] [2023-06-07T21:59:42.129Z] [runtime-status] [23188] Resolved module firebase-admin {"declared":true,"installed":true,"version":"11.9.0","resolution":"C:\\Users\\Mayank Rathore\\Desktop\\ama\\amazon-clone\\functions\\node_modules\\firebase-admin\\lib\\index.js"} {"metadata":{"emulator":{"name":"functions"},"function":{"name":"us-central1-api"},"extension":{},"message":"[runtime-status] [23188] Resolved module firebase-admin {\"declared\":true,\"installed\":true,\"version\":\"11.9.0\",\"resolution\":\"C:\\\\Users\\\\Mayank Rathore\\\\Desktop\\\\ama\\\\amazon-clone\\\\functions\\\\node_modules\\\\firebase-admin\\\\lib\\\\index.js\"}"}}
[debug] [2023-06-07T21:59:42.130Z] [runtime-status] [30784] Resolved module firebase-admin {"declared":true,"installed":true,"version":"11.9.0","resolution":"C:\\Users\\Mayank Rathore\\Desktop\\ama\\amazon-clone\\functions\\node_modules\\firebase-admin\\lib\\index.js"} {"metadata":{"emulator":{"name":"functions"},"function":{"name":"us-central1-api"},"extension":{},"message":"[runtime-status] [30784] Resolved module firebase-admin {\"declared\":true,\"installed\":true,\"version\":\"11.9.0\",\"resolution\":\"C:\\\\Users\\\\Mayank Rathore\\\\Desktop\\\\ama\\\\amazon-clone\\\\functions\\\\node_modules\\\\firebase-admin\\\\lib\\\\index.js\"}"}}
[debug] [2023-06-07T21:59:42.141Z] [runtime-status] [30784] Resolved module firebase-functions {"declared":true,"installed":true,"version":"4.4.0","resolution":"C:\\Users\\Mayank Rathore\\Desktop\\ama\\amazon-clone\\functions\\node_modules\\firebase-functions\\lib\\v1\\index.js"} {"metadata":{"emulator":{"name":"functions"},"function":{"name":"us-central1-api"},"extension":{},"message":"[runtime-status] [30784] Resolved module firebase-functions {\"declared\":true,\"installed\":true,\"version\":\"4.4.0\",\"resolution\":\"C:\\\\Users\\\\Mayank Rathore\\\\Desktop\\\\ama\\\\amazon-clone\\\\functions\\\\node_modules\\\\firebase-functions\\\\lib\\\\v1\\\\index.js\"}"}}
[debug] [2023-06-07T21:59:42.142Z] [runtime-status] [23188] Resolved module firebase-functions {"declared":true,"installed":true,"version":"4.4.0","resolution":"C:\\Users\\Mayank Rathore\\Desktop\\ama\\amazon-clone\\functions\\node_modules\\firebase-functions\\lib\\v1\\index.js"} {"metadata":{"emulator":{"name":"functions"},"function":{"name":"us-central1-api"},"extension":{},"message":"[runtime-status] [23188] Resolved module firebase-functions {\"declared\":true,\"installed\":true,\"version\":\"4.4.0\",\"resolution\":\"C:\\\\Users\\\\Mayank Rathore\\\\Desktop\\\\ama\\\\amazon-clone\\\\functions\\\\node_modules\\\\firebase-functions\\\\lib\\\\v1\\\\index.js\"}"}}
[debug] [2023-06-07T21:59:42.142Z] [runtime-status] [23188] firebase-admin has been stubbed. {"adminResolution":{"declared":true,"installed":true,"version":"11.9.0","resolution":"C:\\Users\\Mayank Rathore\\Desktop\\ama\\amazon-clone\\functions\\node_modules\\firebase-admin\\lib\\index.js"}} {"metadata":{"emulator":{"name":"functions"},"function":{"name":"us-central1-api"},"extension":{},"message":"[runtime-status] [23188] firebase-admin has been stubbed. {\"adminResolution\":{\"declared\":true,\"installed\":true,\"version\":\"11.9.0\",\"resolution\":\"C:\\\\Users\\\\Mayank Rathore\\\\Desktop\\\\ama\\\\amazon-clone\\\\functions\\\\node_modules\\\\firebase-admin\\\\lib\\\\index.js\"}}"}}
[debug] [2023-06-07T21:59:42.143Z] [runtime-status] [30784] firebase-admin has been stubbed. {"adminResolution":{"declared":true,"installed":true,"version":"11.9.0","resolution":"C:\\Users\\Mayank Rathore\\Desktop\\ama\\amazon-clone\\functions\\node_modules\\firebase-admin\\lib\\index.js"}} {"metadata":{"emulator":{"name":"functions"},"function":{"name":"us-central1-api"},"extension":{},"message":"[runtime-status] [30784] firebase-admin has been stubbed. {\"adminResolution\":{\"declared\":true,\"installed\":true,\"version\":\"11.9.0\",\"resolution\":\"C:\\\\Users\\\\Mayank Rathore\\\\Desktop\\\\ama\\\\amazon-clone\\\\functions\\\\node_modules\\\\firebase-admin\\\\lib\\\\index.js\"}}"}}
[debug] [2023-06-07T21:59:43.010Z] [runtime-status] [30784] Functions runtime initialized. {"cwd":"C:\\Users\\Mayank Rathore\\Desktop\\ama\\amazon-clone\\functions","node_version":"18.12.1"} {"metadata":{"emulator":{"name":"functions"},"function":{"name":"us-central1-api"},"extension":{},"message":"[runtime-status] [30784] Functions runtime initialized. {\"cwd\":\"C:\\\\Users\\\\Mayank Rathore\\\\Desktop\\\\ama\\\\amazon-clone\\\\functions\",\"node_version\":\"18.12.1\"}"}}
[debug] [2023-06-07T21:59:43.011Z] [runtime-status] [23188] Functions runtime initialized. {"cwd":"C:\\Users\\Mayank Rathore\\Desktop\\ama\\amazon-clone\\functions","node_version":"18.12.1"} {"metadata":{"emulator":{"name":"functions"},"function":{"name":"us-central1-api"},"extension":{},"message":"[runtime-status] [23188] Functions runtime initialized. {\"cwd\":\"C:\\\\Users\\\\Mayank Rathore\\\\Desktop\\\\ama\\\\amazon-clone\\\\functions\",\"node_version\":\"18.12.1\"}"}}
[debug] [2023-06-07T21:59:43.011Z] [runtime-status] [23188] Listening to port: \\?\pipe\fire_emu_63d74c55e30ffdf4 {"metadata":{"emulator":{"name":"functions"},"function":{"name":"us-central1-api"},"extension":{},"message":"[runtime-status] [23188] Listening to port: \\\\?\\pipe\\fire_emu_63d74c55e30ffdf4"}}
[debug] [2023-06-07T21:59:43.012Z] [runtime-status] [30784] Listening to port: \\?\pipe\fire_emu_6db4ebc23d4cc795 {"metadata":{"emulator":{"name":"functions"},"function":{"name":"us-central1-api"},"extension":{},"message":"[runtime-status] [30784] Listening to port: \\\\?\\pipe\\fire_emu_6db4ebc23d4cc795"}}
[debug] [2023-06-07T21:59:43.065Z] [worker-us-central1-api-e3a79b6b-d82d-4fba-9cb1-b96f78e42dde]: IDLE {"metadata":{"emulator":{"name":"functions"},"function":{"name":"us-central1-api"},"extension":{},"message":"[worker-us-central1-api-e3a79b6b-d82d-4fba-9cb1-b96f78e42dde]: IDLE"}}
[debug] [2023-06-07T21:59:43.066Z] [worker-pool] submitRequest(triggerId=us-central1-api) {"metadata":{"emulator":{"name":"functions"},"message":"[worker-pool] submitRequest(triggerId=us-central1-api)"}}
[info] i  functions: Beginning execution of "us-central1-api" {"metadata":{"emulator":{"name":"functions"},"function":{"name":"us-central1-api"},"extension":{},"message":"Beginning execution of \"us-central1-api\""}}
[debug] [2023-06-07T21:59:43.069Z] [worker-us-central1-api-e3a79b6b-d82d-4fba-9cb1-b96f78e42dde]: BUSY {"metadata":{"emulator":{"name":"functions"},"function":{"name":"us-central1-api"},"extension":{},"message":"[worker-us-central1-api-e3a79b6b-d82d-4fba-9cb1-b96f78e42dde]: BUSY"}}
[debug] [2023-06-07T21:59:43.072Z] [worker-us-central1-api-a2483ffa-b07e-4d51-beaa-f94b9ab561c6]: IDLE {"metadata":{"emulator":{"name":"functions"},"function":{"name":"us-central1-api"},"extension":{},"message":"[worker-us-central1-api-a2483ffa-b07e-4d51-beaa-f94b9ab561c6]: IDLE"}}
[debug] [2023-06-07T21:59:43.073Z] [worker-pool] submitRequest(triggerId=us-central1-api) {"metadata":{"emulator":{"name":"functions"},"message":"[worker-pool] submitRequest(triggerId=us-central1-api)"}}
[info] i  functions: Beginning execution of "us-central1-api" {"metadata":{"emulator":{"name":"functions"},"function":{"name":"us-central1-api"},"extension":{},"message":"Beginning execution of \"us-central1-api\""}}
[debug] [2023-06-07T21:59:43.075Z] [worker-us-central1-api-a2483ffa-b07e-4d51-beaa-f94b9ab561c6]: BUSY {"metadata":{"emulator":{"name":"functions"},"function":{"name":"us-central1-api"},"extension":{},"message":"[worker-us-central1-api-a2483ffa-b07e-4d51-beaa-f94b9ab561c6]: BUSY"}}
[info] >  payment Request Recieved BOOM!!! for this amount >>>  25096 {"user":"payment Request Recieved BOOM!!! for this amount >>>  25096","metadata":{"emulator":{"name":"functions"},"function":{"name":"us-central1-api"},"extension":{},"message":"\u001b[90m> \u001b[39m payment Request Recieved BOOM!!! for this amount >>>  25096"}}
[info] >  payment Request Recieved BOOM!!! for this amount >>>  25096 {"user":"payment Request Recieved BOOM!!! for this amount >>>  25096","metadata":{"emulator":{"name":"functions"},"function":{"name":"us-central1-api"},"extension":{},"message":"\u001b[90m> \u001b[39m payment Request Recieved BOOM!!! for this amount >>>  25096"}}
[debug] [2023-06-07T21:59:44.887Z] Finishing up request with event=pause {"metadata":{"emulator":{"name":"functions"},"function":{"name":"us-central1-api"},"extension":{},"message":"Finishing up request with event=pause"}}
[info] i  functions: Finished "us-central1-api" in 1819.3317ms {"metadata":{"emulator":{"name":"functions"},"function":{"name":"us-central1-api"},"extension":{},"message":"Finished \"us-central1-api\" in 1819.3317ms"}}
[debug] [2023-06-07T21:59:44.890Z] [worker-us-central1-api-e3a79b6b-d82d-4fba-9cb1-b96f78e42dde]: IDLE {"metadata":{"emulator":{"name":"functions"},"function":{"name":"us-central1-api"},"extension":{},"message":"[worker-us-central1-api-e3a79b6b-d82d-4fba-9cb1-b96f78e42dde]: IDLE"}}
[debug] [2023-06-07T21:59:44.890Z] Finishing up request with event=finish {"metadata":{"emulator":{"name":"functions"},"function":{"name":"us-central1-api"},"extension":{},"message":"Finishing up request with event=finish"}}
[debug] [2023-06-07T21:59:44.891Z] Finishing up request with event=close {"metadata":{"emulator":{"name":"functions"},"function":{"name":"us-central1-api"},"extension":{},"message":"Finishing up request with event=close"}}
[debug] [2023-06-07T21:59:44.892Z] [work-queue] {"queuedWork":[],"queueLength":0,"runningWork":["/clone-8c606/us-central1/api/payments/create-2023-06-07T21:59:32.660Z"],"workRunningCount":1}
[debug] [2023-06-07T21:59:44.894Z] Finishing up request with event=pause {"metadata":{"emulator":{"name":"functions"},"function":{"name":"us-central1-api"},"extension":{},"message":"Finishing up request with event=pause"}}
[info] i  functions: Finished "us-central1-api" in 1819.8294ms {"metadata":{"emulator":{"name":"functions"},"function":{"name":"us-central1-api"},"extension":{},"message":"Finished \"us-central1-api\" in 1819.8294ms"}}
[debug] [2023-06-07T21:59:44.898Z] [worker-us-central1-api-a2483ffa-b07e-4d51-beaa-f94b9ab561c6]: IDLE {"metadata":{"emulator":{"name":"functions"},"function":{"name":"us-central1-api"},"extension":{},"message":"[worker-us-central1-api-a2483ffa-b07e-4d51-beaa-f94b9ab561c6]: IDLE"}}
[debug] [2023-06-07T21:59:44.898Z] Finishing up request with event=finish {"metadata":{"emulator":{"name":"functions"},"function":{"name":"us-central1-api"},"extension":{},"message":"Finishing up request with event=finish"}}
[debug] [2023-06-07T21:59:44.899Z] Finishing up request with event=close {"metadata":{"emulator":{"name":"functions"},"function":{"name":"us-central1-api"},"extension":{},"message":"Finishing up request with event=close"}}
[debug] [2023-06-07T21:59:44.899Z] [work-queue] {"queuedWork":[],"queueLength":0,"runningWork":[],"workRunningCount":0}
[debug] [2023-06-07T21:59:50.021Z] [work-queue] {"queuedWork":["/clone-8c606/us-central1/api/payments/create-2023-06-07T21:59:50.021Z"],"queueLength":1,"runningWork":[],"workRunningCount":0}
[debug] [2023-06-07T21:59:50.022Z] [work-queue] {"queuedWork":[],"queueLength":0,"runningWork":["/clone-8c606/us-central1/api/payments/create-2023-06-07T21:59:50.021Z"],"workRunningCount":1}
[debug] [2023-06-07T21:59:50.022Z] Accepted request POST /clone-8c606/us-central1/api/payments/create?total=25096 --> us-central1-api
[debug] [2023-06-07T21:59:50.033Z] [functions] Runtime ready! Sending request! {"metadata":{"emulator":{"name":"functions"},"message":"[functions] Runtime ready! Sending request!"}}
[debug] [2023-06-07T21:59:50.034Z] [functions] Got req.url=/clone-8c606/us-central1/api/payments/create?total=25096, mapping to path=/payments/create?total=25096 {"metadata":{"emulator":{"name":"functions"},"message":"[functions] Got req.url=/clone-8c606/us-central1/api/payments/create?total=25096, mapping to path=/payments/create?total=25096"}}
[debug] [2023-06-07T21:59:50.034Z] [worker-pool] submitRequest(triggerId=us-central1-api) {"metadata":{"emulator":{"name":"functions"},"message":"[worker-pool] submitRequest(triggerId=us-central1-api)"}}
[info] i  functions: Beginning execution of "us-central1-api" {"metadata":{"emulator":{"name":"functions"},"function":{"name":"us-central1-api"},"extension":{},"message":"Beginning execution of \"us-central1-api\""}}
[debug] [2023-06-07T21:59:50.038Z] [worker-us-central1-api-e3a79b6b-d82d-4fba-9cb1-b96f78e42dde]: BUSY {"metadata":{"emulator":{"name":"functions"},"function":{"name":"us-central1-api"},"extension":{},"message":"[worker-us-central1-api-e3a79b6b-d82d-4fba-9cb1-b96f78e42dde]: BUSY"}}
[debug] [2023-06-07T21:59:50.044Z] [work-queue] {"queuedWork":["/clone-8c606/us-central1/api/payments/create-2023-06-07T21:59:50.044Z"],"queueLength":1,"runningWork":["/clone-8c606/us-central1/api/payments/create-2023-06-07T21:59:50.021Z"],"workRunningCount":1}
[debug] [2023-06-07T21:59:50.045Z] [work-queue] {"queuedWork":[],"queueLength":0,"runningWork":["/clone-8c606/us-central1/api/payments/create-2023-06-07T21:59:50.021Z","/clone-8c606/us-central1/api/payments/create-2023-06-07T21:59:50.044Z"],"workRunningCount":2}
[debug] [2023-06-07T21:59:50.045Z] Accepted request POST /clone-8c606/us-central1/api/payments/create?total=25096 --> us-central1-api
[debug] [2023-06-07T21:59:50.057Z] [functions] Runtime ready! Sending request! {"metadata":{"emulator":{"name":"functions"},"message":"[functions] Runtime ready! Sending request!"}}
[debug] [2023-06-07T21:59:50.057Z] [functions] Got req.url=/clone-8c606/us-central1/api/payments/create?total=25096, mapping to path=/payments/create?total=25096 {"metadata":{"emulator":{"name":"functions"},"message":"[functions] Got req.url=/clone-8c606/us-central1/api/payments/create?total=25096, mapping to path=/payments/create?total=25096"}}
[debug] [2023-06-07T21:59:50.058Z] [worker-pool] submitRequest(triggerId=us-central1-api) {"metadata":{"emulator":{"name":"functions"},"message":"[worker-pool] submitRequest(triggerId=us-central1-api)"}}
[info] i  functions: Beginning execution of "us-central1-api" {"metadata":{"emulator":{"name":"functions"},"function":{"name":"us-central1-api"},"extension":{},"message":"Beginning execution of \"us-central1-api\""}}
[debug] [2023-06-07T21:59:50.059Z] [worker-us-central1-api-a2483ffa-b07e-4d51-beaa-f94b9ab561c6]: BUSY {"metadata":{"emulator":{"name":"functions"},"function":{"name":"us-central1-api"},"extension":{},"message":"[worker-us-central1-api-a2483ffa-b07e-4d51-beaa-f94b9ab561c6]: BUSY"}}
[info] >  payment Request Recieved BOOM!!! for this amount >>>  25096 {"user":"payment Request Recieved BOOM!!! for this amount >>>  25096","metadata":{"emulator":{"name":"functions"},"function":{"name":"us-central1-api"},"extension":{},"message":"\u001b[90m> \u001b[39m payment Request Recieved BOOM!!! for this amount >>>  25096"}}
[info] >  payment Request Recieved BOOM!!! for this amount >>>  25096 {"user":"payment Request Recieved BOOM!!! for this amount >>>  25096","metadata":{"emulator":{"name":"functions"},"function":{"name":"us-central1-api"},"extension":{},"message":"\u001b[90m> \u001b[39m payment Request Recieved BOOM!!! for this amount >>>  25096"}}
[debug] [2023-06-07T21:59:50.487Z] Finishing up request with event=pause {"metadata":{"emulator":{"name":"functions"},"function":{"name":"us-central1-api"},"extension":{},"message":"Finishing up request with event=pause"}}
[info] i  functions: Finished "us-central1-api" in 448.7869ms {"metadata":{"emulator":{"name":"functions"},"function":{"name":"us-central1-api"},"extension":{},"message":"Finished \"us-central1-api\" in 448.7869ms"}}
[debug] [2023-06-07T21:59:50.488Z] [worker-us-central1-api-e3a79b6b-d82d-4fba-9cb1-b96f78e42dde]: IDLE {"metadata":{"emulator":{"name":"functions"},"function":{"name":"us-central1-api"},"extension":{},"message":"[worker-us-central1-api-e3a79b6b-d82d-4fba-9cb1-b96f78e42dde]: IDLE"}}
[debug] [2023-06-07T21:59:50.489Z] Finishing up request with event=finish {"metadata":{"emulator":{"name":"functions"},"function":{"name":"us-central1-api"},"extension":{},"message":"Finishing up request with event=finish"}}
[debug] [2023-06-07T21:59:50.489Z] Finishing up request with event=close {"metadata":{"emulator":{"name":"functions"},"function":{"name":"us-central1-api"},"extension":{},"message":"Finishing up request with event=close"}}
[debug] [2023-06-07T21:59:50.489Z] [work-queue] {"queuedWork":[],"queueLength":0,"runningWork":["/clone-8c606/us-central1/api/payments/create-2023-06-07T21:59:50.044Z"],"workRunningCount":1}
[debug] [2023-06-07T21:59:50.642Z] Finishing up request with event=pause {"metadata":{"emulator":{"name":"functions"},"function":{"name":"us-central1-api"},"extension":{},"message":"Finishing up request with event=pause"}}
[info] i  functions: Finished "us-central1-api" in 583.0506ms {"metadata":{"emulator":{"name":"functions"},"function":{"name":"us-central1-api"},"extension":{},"message":"Finished \"us-central1-api\" in 583.0506ms"}}
[debug] [2023-06-07T21:59:50.645Z] [worker-us-central1-api-a2483ffa-b07e-4d51-beaa-f94b9ab561c6]: IDLE {"metadata":{"emulator":{"name":"functions"},"function":{"name":"us-central1-api"},"extension":{},"message":"[worker-us-central1-api-a2483ffa-b07e-4d51-beaa-f94b9ab561c6]: IDLE"}}
[debug] [2023-06-07T21:59:50.645Z] Finishing up request with event=finish {"metadata":{"emulator":{"name":"functions"},"function":{"name":"us-central1-api"},"extension":{},"message":"Finishing up request with event=finish"}}
[debug] [2023-06-07T21:59:50.645Z] Finishing up request with event=close {"metadata":{"emulator":{"name":"functions"},"function":{"name":"us-central1-api"},"extension":{},"message":"Finishing up request with event=close"}}
[debug] [2023-06-07T21:59:50.646Z] [work-queue] {"queuedWork":[],"queueLength":0,"runningWork":[],"workRunningCount":0}
[debug] [2023-06-07T22:00:28.527Z] [worker-us-central1-api-a2483ffa-b07e-4d51-beaa-f94b9ab561c6]: exited {"metadata":{"emulator":{"name":"functions"},"function":{"name":"us-central1-api"},"extension":{},"message":"[worker-us-central1-api-a2483ffa-b07e-4d51-beaa-f94b9ab561c6]: exited"}}
[debug] [2023-06-07T22:00:28.527Z] [worker-us-central1-api-a2483ffa-b07e-4d51-beaa-f94b9ab561c6]: FINISHED {"metadata":{"emulator":{"name":"functions"},"function":{"name":"us-central1-api"},"extension":{},"message":"[worker-us-central1-api-a2483ffa-b07e-4d51-beaa-f94b9ab561c6]: FINISHED"}}
[debug] [2023-06-07T22:00:28.532Z] Received signal SIGHUP 1
